This file contains any messages produced by compilers while
running configure, to aid debugging if configure makes a mistake.

It was created by libflashsupport-jack configure 000, which was
generated by GNU Autoconf 2.69.  Invocation command line was

  $ ./configure --prefix=/usr --sysconfdir=/etc --localstatedir=/var

## --------- ##
## Platform. ##
## --------- ##

hostname = ugh
uname -m = x86_64
uname -r = 3.8.13-gentoo
uname -s = Linux
uname -v = #5 SMP PREEMPT Mon Aug 26 09:59:04 EDT 2013

/usr/bin/uname -p = AMD Athlon Dual-Core QL-60
/bin/uname -X     = unknown

/bin/arch              = unknown
/usr/bin/arch -k       = unknown
/usr/convex/getsysinfo = unknown
/usr/bin/hostinfo      = unknown
/bin/machine           = unknown
/usr/bin/oslevel       = unknown
/bin/universe          = unknown

PATH: /sbin
PATH: /bin
PATH: /usr/sbin
PATH: /usr/bin


## ----------- ##
## Core tests. ##
## ----------- ##

configure:2285: checking for a BSD-compatible install
configure:2353: result: /usr/bin/install -c
configure:2364: checking whether build environment is sane
configure:2419: result: yes
configure:2570: checking for a thread-safe mkdir -p
configure:2609: result: /bin/mkdir -p
configure:2616: checking for gawk
configure:2632: found /usr/bin/gawk
configure:2643: result: gawk
configure:2654: checking whether make sets $(MAKE)
configure:2676: result: yes
configure:2705: checking whether make supports nested variables
configure:2722: result: yes
configure:2855: checking for gcc
configure:2871: found /usr/bin/gcc
configure:2882: result: gcc
configure:3111: checking for C compiler version
configure:3120: gcc --version >&5
gcc (Funtoo 4.8.1-r3) 4.8.1
Copyright (C) 2013 Free Software Foundation, Inc.
This is free software; see the source for copying conditions.  There is NO
warranty; not even for MERCHANTABILITY or FITNESS FOR A PARTICULAR PURPOSE.

configure:3131: $? = 0
configure:3120: gcc -v >&5
Using built-in specs.
COLLECT_GCC=/usr/x86_64-pc-linux-gnu/gcc-bin/4.8.1/gcc
COLLECT_LTO_WRAPPER=/usr/libexec/gcc/x86_64-pc-linux-gnu/4.8.1/lto-wrapper
Target: x86_64-pc-linux-gnu
Configured with: ../gcc-4.8.1/configure --disable-libssp --enable-multilib --enable-version-specific-runtime-libs --enable-libmudflap --prefix=/usr --bindir=/usr/x86_64-pc-linux-gnu/gcc-bin/4.8.1 --includedir=/usr/lib/gcc/x86_64-pc-linux-gnu/4.8.1/include --datadir=/usr/share/gcc-data/x86_64-pc-linux-gnu/4.8.1 --mandir=/usr/share/gcc-data/x86_64-pc-linux-gnu/4.8.1/man --infodir=/usr/share/gcc-data/x86_64-pc-linux-gnu/4.8.1/info --with-gxx-include-dir=/usr/lib/gcc/x86_64-pc-linux-gnu/4.8.1/include/g++-v4.8 --enable-__cxa_atexit --enable-clocale=gnu --host=x86_64-pc-linux-gnu --build=x86_64-pc-linux-gnu --disable-ppl --disable-cloog --with-system-zlib --enable-obsolete --disable-werror --enable-secureplt --disable-lto --with-bugurl=http://bugs.funtoo.org --with-pkgversion='Funtoo 4.8.1-r3' --with-mpfr-include=/var/tmp/portage/sys-devel/gcc-4.8.1-r3/work/gcc-4.8.1/mpfr/src --with-mpfr-lib=/var/tmp/portage/sys-devel/gcc-4.8.1-r3/work/objdir/mpfr/src/.libs --enable-libstdcxx-time --enable-libgomp --enable-languages=c,c++,fortran --disable-libgcj --disable-esp
Thread model: posix
gcc version 4.8.1 (Funtoo 4.8.1-r3) 
configure:3131: $? = 0
configure:3120: gcc -V >&5
gcc: error: unrecognized command line option '-V'
gcc: fatal error: no input files
compilation terminated.
configure:3131: $? = 1
configure:3120: gcc -qversion >&5
gcc: error: unrecognized command line option '-qversion'
gcc: fatal error: no input files
compilation terminated.
configure:3131: $? = 1
configure:3151: checking whether the C compiler works
configure:3173: gcc -g -O0   conftest.c  >&5
configure:3177: $? = 0
configure:3225: result: yes
configure:3228: checking for C compiler default output file name
configure:3230: result: a.out
configure:3236: checking for suffix of executables
configure:3243: gcc -o conftest -g -O0   conftest.c  >&5
configure:3247: $? = 0
configure:3269: result: 
configure:3291: checking whether we are cross compiling
configure:3299: gcc -o conftest -g -O0   conftest.c  >&5
configure:3303: $? = 0
configure:3310: ./conftest
configure:3314: $? = 0
configure:3329: result: no
configure:3334: checking for suffix of object files
configure:3356: gcc -c -g -O0  conftest.c >&5
configure:3360: $? = 0
configure:3381: result: o
configure:3385: checking whether we are using the GNU C compiler
configure:3404: gcc -c -g -O0  conftest.c >&5
configure:3404: $? = 0
configure:3413: result: yes
configure:3422: checking whether gcc accepts -g
configure:3442: gcc -c -g  conftest.c >&5
configure:3442: $? = 0
configure:3483: result: yes
configure:3500: checking for gcc option to accept ISO C89
configure:3563: gcc  -c -g -O0  conftest.c >&5
configure:3563: $? = 0
configure:3576: result: none needed
configure:3607: checking for style of include used by make
configure:3635: result: GNU
configure:3661: checking dependency style of gcc
configure:3772: result: gcc3
configure:3788: checking whether gcc and cc understand -c and -o together
configure:3819: gcc -c conftest.c -o conftest2.o >&5
configure:3823: $? = 0
configure:3829: gcc -c conftest.c -o conftest2.o >&5
configure:3833: $? = 0
configure:3844: cc -c conftest.c >&5
configure:3848: $? = 0
configure:3856: cc -c conftest.c -o conftest2.o >&5
configure:3860: $? = 0
configure:3866: cc -c conftest.c -o conftest2.o >&5
configure:3870: $? = 0
configure:3888: result: yes
configure:3919: checking how to run the C preprocessor
configure:3950: gcc -E  conftest.c
configure:3950: $? = 0
configure:3964: gcc -E  conftest.c
conftest.c:11:28: fatal error: ac_nonexistent.h: No such file or directory
 #include <ac_nonexistent.h>
                            ^
compilation terminated.
configure:3964: $? = 1
configure: failed program was:
| /* confdefs.h */
| #define PACKAGE_NAME "libflashsupport-jack"
| #define PACKAGE_TARNAME "libflashsupport-jack"
| #define PACKAGE_VERSION "000"
| #define PACKAGE_STRING "libflashsupport-jack 000"
| #define PACKAGE_BUGREPORT "mzcbylcnhqvb (at) 0pointer (dot) de"
| #define PACKAGE_URL ""
| #define PACKAGE "libflashsupport-jack"
| #define VERSION "000"
| /* end confdefs.h.  */
| #include <ac_nonexistent.h>
configure:3989: result: gcc -E
configure:4009: gcc -E  conftest.c
configure:4009: $? = 0
configure:4023: gcc -E  conftest.c
conftest.c:11:28: fatal error: ac_nonexistent.h: No such file or directory
 #include <ac_nonexistent.h>
                            ^
compilation terminated.
configure:4023: $? = 1
configure: failed program was:
| /* confdefs.h */
| #define PACKAGE_NAME "libflashsupport-jack"
| #define PACKAGE_TARNAME "libflashsupport-jack"
| #define PACKAGE_VERSION "000"
| #define PACKAGE_STRING "libflashsupport-jack 000"
| #define PACKAGE_BUGREPORT "mzcbylcnhqvb (at) 0pointer (dot) de"
| #define PACKAGE_URL ""
| #define PACKAGE "libflashsupport-jack"
| #define VERSION "000"
| /* end confdefs.h.  */
| #include <ac_nonexistent.h>
configure:4052: checking for grep that handles long lines and -e
configure:4110: result: /bin/grep
configure:4115: checking for egrep
configure:4177: result: /bin/grep -E
configure:4183: checking whether gcc needs -traditional
configure:4217: result: no
configure:4224: checking for ANSI C header files
configure:4244: gcc -c -g -O0  conftest.c >&5
configure:4244: $? = 0
configure:4317: gcc -o conftest -g -O0   conftest.c  >&5
configure:4317: $? = 0
configure:4317: ./conftest
configure:4317: $? = 0
configure:4328: result: yes
configure:4341: checking for sys/types.h
configure:4341: gcc -c -g -O0  conftest.c >&5
configure:4341: $? = 0
configure:4341: result: yes
configure:4341: checking for sys/stat.h
configure:4341: gcc -c -g -O0  conftest.c >&5
configure:4341: $? = 0
configure:4341: result: yes
configure:4341: checking for stdlib.h
configure:4341: gcc -c -g -O0  conftest.c >&5
configure:4341: $? = 0
configure:4341: result: yes
configure:4341: checking for string.h
configure:4341: gcc -c -g -O0  conftest.c >&5
configure:4341: $? = 0
configure:4341: result: yes
configure:4341: checking for memory.h
configure:4341: gcc -c -g -O0  conftest.c >&5
configure:4341: $? = 0
configure:4341: result: yes
configure:4341: checking for strings.h
configure:4341: gcc -c -g -O0  conftest.c >&5
configure:4341: $? = 0
configure:4341: result: yes
configure:4341: checking for inttypes.h
configure:4341: gcc -c -g -O0  conftest.c >&5
configure:4341: $? = 0
configure:4341: result: yes
configure:4341: checking for stdint.h
configure:4341: gcc -c -g -O0  conftest.c >&5
configure:4341: $? = 0
configure:4341: result: yes
configure:4341: checking for unistd.h
configure:4341: gcc -c -g -O0  conftest.c >&5
configure:4341: $? = 0
configure:4341: result: yes
configure:4354: checking minix/config.h usability
configure:4354: gcc -c -g -O0  conftest.c >&5
conftest.c:54:26: fatal error: minix/config.h: No such file or directory
 #include <minix/config.h>
                          ^
compilation terminated.
configure:4354: $? = 1
configure: failed program was:
| /* confdefs.h */
| #define PACKAGE_NAME "libflashsupport-jack"
| #define PACKAGE_TARNAME "libflashsupport-jack"
| #define PACKAGE_VERSION "000"
| #define PACKAGE_STRING "libflashsupport-jack 000"
| #define PACKAGE_BUGREPORT "mzcbylcnhqvb (at) 0pointer (dot) de"
| #define PACKAGE_URL ""
| #define PACKAGE "libflashsupport-jack"
| #define VERSION "000"
| #define STDC_HEADERS 1
| #define HAVE_SYS_TYPES_H 1
| #define HAVE_SYS_STAT_H 1
| #define HAVE_STDLIB_H 1
| #define HAVE_STRING_H 1
| #define HAVE_MEMORY_H 1
| #define HAVE_STRINGS_H 1
| #define HAVE_INTTYPES_H 1
| #define HAVE_STDINT_H 1
| #define HAVE_UNISTD_H 1
| /* end confdefs.h.  */
| #include <stdio.h>
| #ifdef HAVE_SYS_TYPES_H
| # include <sys/types.h>
| #endif
| #ifdef HAVE_SYS_STAT_H
| # include <sys/stat.h>
| #endif
| #ifdef STDC_HEADERS
| # include <stdlib.h>
| # include <stddef.h>
| #else
| # ifdef HAVE_STDLIB_H
| #  include <stdlib.h>
| # endif
| #endif
| #ifdef HAVE_STRING_H
| # if !defined STDC_HEADERS && defined HAVE_MEMORY_H
| #  include <memory.h>
| # endif
| # include <string.h>
| #endif
| #ifdef HAVE_STRINGS_H
| # include <strings.h>
| #endif
| #ifdef HAVE_INTTYPES_H
| # include <inttypes.h>
| #endif
| #ifdef HAVE_STDINT_H
| # include <stdint.h>
| #endif
| #ifdef HAVE_UNISTD_H
| # include <unistd.h>
| #endif
| #include <minix/config.h>
configure:4354: result: no
configure:4354: checking minix/config.h presence
configure:4354: gcc -E  conftest.c
conftest.c:21:26: fatal error: minix/config.h: No such file or directory
 #include <minix/config.h>
                          ^
compilation terminated.
configure:4354: $? = 1
configure: failed program was:
| /* confdefs.h */
| #define PACKAGE_NAME "libflashsupport-jack"
| #define PACKAGE_TARNAME "libflashsupport-jack"
| #define PACKAGE_VERSION "000"
| #define PACKAGE_STRING "libflashsupport-jack 000"
| #define PACKAGE_BUGREPORT "mzcbylcnhqvb (at) 0pointer (dot) de"
| #define PACKAGE_URL ""
| #define PACKAGE "libflashsupport-jack"
| #define VERSION "000"
| #define STDC_HEADERS 1
| #define HAVE_SYS_TYPES_H 1
| #define HAVE_SYS_STAT_H 1
| #define HAVE_STDLIB_H 1
| #define HAVE_STRING_H 1
| #define HAVE_MEMORY_H 1
| #define HAVE_STRINGS_H 1
| #define HAVE_INTTYPES_H 1
| #define HAVE_STDINT_H 1
| #define HAVE_UNISTD_H 1
| /* end confdefs.h.  */
| #include <minix/config.h>
configure:4354: result: no
configure:4354: checking for minix/config.h
configure:4354: result: no
configure:4375: checking whether it is safe to define __EXTENSIONS__
configure:4393: gcc -c -g -O0  conftest.c >&5
configure:4393: $? = 0
configure:4400: result: yes
configure:4437: checking whether gcc accepts -pipe
configure:4441: result: yes
configure:4437: checking whether gcc accepts -Wformat
configure:4441: result: yes
configure:4437: checking whether gcc accepts -Wold-style-definition
configure:4441: result: yes
configure:4437: checking whether gcc accepts -Wdeclaration-after-statement
configure:4441: result: yes
configure:4437: checking whether gcc accepts -Wfloat-equal
configure:4441: result: yes
configure:4437: checking whether gcc accepts -Wmissing-declarations
configure:4441: result: yes
configure:4437: checking whether gcc accepts -Wmissing-prototypes
configure:4441: result: yes
configure:4437: checking whether gcc accepts -Wstrict-prototypes
configure:4441: result: yes
configure:4437: checking whether gcc accepts -Wredundant-decls
configure:4441: result: yes
configure:4437: checking whether gcc accepts -Wshadow
configure:4441: result: yes
configure:4437: checking whether gcc accepts -Wendif-labels
configure:4441: result: yes
configure:4437: checking whether gcc accepts -Wpointer-arith
configure:4441: result: yes
configure:4437: checking whether gcc accepts -Wcast-align
configure:4441: result: yes
configure:4437: checking whether gcc accepts -Wwrite-strings
configure:4441: result: yes
configure:4437: checking whether gcc accepts -Winline
configure:4441: result: yes
configure:4437: checking whether gcc accepts -Wno-unused-parameter
configure:4441: result: yes
configure:4437: checking whether gcc accepts -ffast-math
configure:4441: result: yes
configure:4510: checking build system type
configure:4524: result: x86_64-unknown-linux-gnu
configure:4544: checking host system type
configure:4557: result: x86_64-unknown-linux-gnu
configure:4598: checking how to print strings
configure:4625: result: printf
configure:4646: checking for a sed that does not truncate output
configure:4710: result: /bin/sed
configure:4728: checking for fgrep
configure:4790: result: /bin/grep -F
configure:4825: checking for ld used by gcc
configure:4892: result: /usr/x86_64-pc-linux-gnu/bin/ld
configure:4899: checking if the linker (/usr/x86_64-pc-linux-gnu/bin/ld) is GNU ld
configure:4914: result: yes
configure:4926: checking for BSD- or MS-compatible name lister (nm)
configure:4975: result: /usr/bin/nm -B
configure:5105: checking the name lister (/usr/bin/nm -B) interface
configure:5112: gcc -c -g -O0 -pipe -Wformat -Wold-style-definition -Wdeclaration-after-statement -Wfloat-equal -Wmissing-declarations -Wmissing-prototypes -Wstrict-prototypes -Wredundant-decls -Wshadow -Wendif-labels -Wpointer-arith -Wcast-align -Wwrite-strings -Winline -Wno-unused-parameter -ffast-math  conftest.c >&5
configure:5115: /usr/bin/nm -B "conftest.o"
configure:5118: output
0000000000000000 B some_variable
configure:5125: result: BSD nm
configure:5128: checking whether ln -s works
configure:5132: result: yes
configure:5140: checking the maximum length of command line arguments
configure:5270: result: 1572864
configure:5287: checking whether the shell understands some XSI constructs
configure:5297: result: yes
configure:5301: checking whether the shell understands "+="
configure:5307: result: yes
configure:5342: checking how to convert x86_64-unknown-linux-gnu file names to x86_64-unknown-linux-gnu format
configure:5382: result: func_convert_file_noop
configure:5389: checking how to convert x86_64-unknown-linux-gnu file names to toolchain format
configure:5409: result: func_convert_file_noop
configure:5416: checking for /usr/x86_64-pc-linux-gnu/bin/ld option to reload object files
configure:5423: result: -r
configure:5497: checking for objdump
configure:5513: found /usr/bin/objdump
configure:5524: result: objdump
configure:5556: checking how to recognize dependent libraries
configure:5758: result: pass_all
configure:5843: checking for dlltool
configure:5873: result: no
configure:5903: checking how to associate runtime and link libraries
configure:5930: result: printf %s\n
configure:5990: checking for ar
configure:6006: found /usr/bin/ar
configure:6017: result: ar
configure:6054: checking for archiver @FILE support
configure:6071: gcc -c -g -O0 -pipe -Wformat -Wold-style-definition -Wdeclaration-after-statement -Wfloat-equal -Wmissing-declarations -Wmissing-prototypes -Wstrict-prototypes -Wredundant-decls -Wshadow -Wendif-labels -Wpointer-arith -Wcast-align -Wwrite-strings -Winline -Wno-unused-parameter -ffast-math  conftest.c >&5
conftest.c:28:1: warning: function declaration isn't a prototype [-Wstrict-prototypes]
 main ()
 ^
conftest.c: In function 'main':
conftest.c:28:1: warning: old-style function definition [-Wold-style-definition]
configure:6071: $? = 0
configure:6074: ar cru libconftest.a @conftest.lst >&5
configure:6077: $? = 0
configure:6082: ar cru libconftest.a @conftest.lst >&5
ar: conftest.o: No such file or directory
configure:6085: $? = 1
configure:6097: result: @
configure:6155: checking for strip
configure:6171: found /usr/bin/strip
configure:6182: result: strip
configure:6254: checking for ranlib
configure:6270: found /usr/bin/ranlib
configure:6281: result: ranlib
configure:6383: checking command to parse /usr/bin/nm -B output from gcc object
configure:6503: gcc -c -g -O0 -pipe -Wformat -Wold-style-definition -Wdeclaration-after-statement -Wfloat-equal -Wmissing-declarations -Wmissing-prototypes -Wstrict-prototypes -Wredundant-decls -Wshadow -Wendif-labels -Wpointer-arith -Wcast-align -Wwrite-strings -Winline -Wno-unused-parameter -ffast-math  conftest.c >&5
conftest.c:10:5: warning: function declaration isn't a prototype [-Wstrict-prototypes]
 int main(){nm_test_var='a';nm_test_func();return(0);}
     ^
conftest.c: In function 'main':
conftest.c:10:5: warning: old-style function definition [-Wold-style-definition]
configure:6506: $? = 0
configure:6510: /usr/bin/nm -B conftest.o \| sed -n -e 's/^.*[ ]\([ABCDGIRSTW][ABCDGIRSTW]*\)[ ][ ]*\([_A-Za-z][_A-Za-z0-9]*\)$/\1 \2 \2/p' | sed '/ __gnu_lto/d' \> conftest.nm
configure:6513: $? = 0
configure:6579: gcc -o conftest -g -O0 -pipe -Wformat -Wold-style-definition -Wdeclaration-after-statement -Wfloat-equal -Wmissing-declarations -Wmissing-prototypes -Wstrict-prototypes -Wredundant-decls -Wshadow -Wendif-labels -Wpointer-arith -Wcast-align -Wwrite-strings -Winline -Wno-unused-parameter -ffast-math   conftest.c conftstm.o >&5
conftest.c:18:1: warning: function declaration isn't a prototype [-Wstrict-prototypes]
 extern int nm_test_func();
 ^
configure:6582: $? = 0
configure:6620: result: ok
configure:6657: checking for sysroot
configure:6687: result: no
configure:6764: gcc -c -g -O0 -pipe -Wformat -Wold-style-definition -Wdeclaration-after-statement -Wfloat-equal -Wmissing-declarations -Wmissing-prototypes -Wstrict-prototypes -Wredundant-decls -Wshadow -Wendif-labels -Wpointer-arith -Wcast-align -Wwrite-strings -Winline -Wno-unused-parameter -ffast-math  conftest.c >&5
configure:6767: $? = 0
configure:6943: checking for mt
configure:6973: result: no
configure:6993: checking if : is a manifest tool
configure:6999: : '-?'
configure:7007: result: no
configure:7646: checking for dlfcn.h
configure:7646: gcc -c -g -O0 -pipe -Wformat -Wold-style-definition -Wdeclaration-after-statement -Wfloat-equal -Wmissing-declarations -Wmissing-prototypes -Wstrict-prototypes -Wredundant-decls -Wshadow -Wendif-labels -Wpointer-arith -Wcast-align -Wwrite-strings -Winline -Wno-unused-parameter -ffast-math  conftest.c >&5
configure:7646: $? = 0
configure:7646: result: yes
configure:7822: checking for objdir
configure:7837: result: .libs
configure:8104: checking if gcc supports -fno-rtti -fno-exceptions
configure:8122: gcc -c -g -O0 -pipe -Wformat -Wold-style-definition -Wdeclaration-after-statement -Wfloat-equal -Wmissing-declarations -Wmissing-prototypes -Wstrict-prototypes -Wredundant-decls -Wshadow -Wendif-labels -Wpointer-arith -Wcast-align -Wwrite-strings -Winline -Wno-unused-parameter -ffast-math  -fno-rtti -fno-exceptions conftest.c >&5
cc1: warning: command line option '-fno-rtti' is valid for C++/ObjC++ but not for C [enabled by default]
configure:8126: $? = 0
configure:8139: result: no
configure:8466: checking for gcc option to produce PIC
configure:8473: result: -fPIC -DPIC
configure:8481: checking if gcc PIC flag -fPIC -DPIC works
configure:8499: gcc -c -g -O0 -pipe -Wformat -Wold-style-definition -Wdeclaration-after-statement -Wfloat-equal -Wmissing-declarations -Wmissing-prototypes -Wstrict-prototypes -Wredundant-decls -Wshadow -Wendif-labels -Wpointer-arith -Wcast-align -Wwrite-strings -Winline -Wno-unused-parameter -ffast-math  -fPIC -DPIC -DPIC conftest.c >&5
configure:8503: $? = 0
configure:8516: result: yes
configure:8545: checking if gcc static flag -static works
conftest.c:1:5: warning: function declaration isn't a prototype [-Wstrict-prototypes]
 int main(){return(0);}
     ^
conftest.c: In function 'main':
conftest.c:1:5: warning: old-style function definition [-Wold-style-definition]
configure:8573: result: yes
configure:8588: checking if gcc supports -c -o file.o
configure:8609: gcc -c -g -O0 -pipe -Wformat -Wold-style-definition -Wdeclaration-after-statement -Wfloat-equal -Wmissing-declarations -Wmissing-prototypes -Wstrict-prototypes -Wredundant-decls -Wshadow -Wendif-labels -Wpointer-arith -Wcast-align -Wwrite-strings -Winline -Wno-unused-parameter -ffast-math  -o out/conftest2.o conftest.c >&5
configure:8613: $? = 0
configure:8635: result: yes
configure:8643: checking if gcc supports -c -o file.o
configure:8690: result: yes
configure:8723: checking whether the gcc linker (/usr/x86_64-pc-linux-gnu/bin/ld -m elf_x86_64) supports shared libraries
configure:9876: result: yes
configure:9913: checking whether -lc should be explicitly linked in
configure:9921: gcc -c -g -O0 -pipe -Wformat -Wold-style-definition -Wdeclaration-after-statement -Wfloat-equal -Wmissing-declarations -Wmissing-prototypes -Wstrict-prototypes -Wredundant-decls -Wshadow -Wendif-labels -Wpointer-arith -Wcast-align -Wwrite-strings -Winline -Wno-unused-parameter -ffast-math  conftest.c >&5
configure:9924: $? = 0
configure:9939: gcc -shared  -fPIC -DPIC conftest.o  -v -Wl,-soname -Wl,conftest -o conftest 2\>\&1 \| /bin/grep  -lc  \>/dev/null 2\>\&1
configure:9942: $? = 0
configure:9956: result: no
configure:10116: checking dynamic linker characteristics
configure:10640: gcc -o conftest -g -O0 -pipe -Wformat -Wold-style-definition -Wdeclaration-after-statement -Wfloat-equal -Wmissing-declarations -Wmissing-prototypes -Wstrict-prototypes -Wredundant-decls -Wshadow -Wendif-labels -Wpointer-arith -Wcast-align -Wwrite-strings -Winline -Wno-unused-parameter -ffast-math   -Wl,-rpath -Wl,/foo conftest.c  >&5
conftest.c:30:1: warning: function declaration isn't a prototype [-Wstrict-prototypes]
 main ()
 ^
conftest.c: In function 'main':
conftest.c:30:1: warning: old-style function definition [-Wold-style-definition]
configure:10640: $? = 0
configure:10862: result: GNU/Linux ld.so
configure:10969: checking how to hardcode library paths into programs
configure:10994: result: immediate
configure:11534: checking whether stripping libraries is possible
configure:11539: result: yes
configure:11574: checking if libtool supports shared libraries
configure:11576: result: yes
configure:11579: checking whether to build shared libraries
configure:11600: result: yes
configure:11603: checking whether to build static libraries
configure:11607: result: no
configure:11645: checking for ANSI C header files
configure:11749: result: yes
configure:11760: checking for pkg-config
configure:11776: found /usr/bin/pkg-config
configure:11788: result: yes
configure:11855: checking for pkg-config
configure:11873: found /usr/bin/pkg-config
configure:11885: result: /usr/bin/pkg-config
configure:11910: checking pkg-config is at least version 0.9.0
configure:11913: result: yes
configure:11924: checking for JACK
configure:11931: $PKG_CONFIG --exists --print-errors "jack"
configure:11934: $? = 0
configure:11948: $PKG_CONFIG --exists --print-errors "jack"
configure:11951: $? = 0
configure:12009: result: yes
configure:12019: checking for SRC
configure:12026: $PKG_CONFIG --exists --print-errors "samplerate >= 0.1"
configure:12029: $? = 0
configure:12043: $PKG_CONFIG --exists --print-errors "samplerate >= 0.1"
configure:12046: $? = 0
configure:12104: result: yes
configure:12115: checking for LIBSSL
configure:12122: $PKG_CONFIG --exists --print-errors " libssl "
configure:12125: $? = 0
configure:12139: $PKG_CONFIG --exists --print-errors " libssl "
configure:12142: $? = 0
configure:12200: result: yes
configure:12320: checking that generated files are newer than configure
configure:12326: result: done
configure:12349: creating ./config.status

## ---------------------- ##
## Running config.status. ##
## ---------------------- ##

This file was extended by libflashsupport-jack config.status 000, which was
generated by GNU Autoconf 2.69.  Invocation command line was

  CONFIG_FILES    = 
  CONFIG_HEADERS  = 
  CONFIG_LINKS    = 
  CONFIG_COMMANDS = 
  $ ./config.status 

on ugh

config.status:1097: creating Makefile
config.status:1097: creating config.h
config.status:1326: executing depfiles commands
config.status:1326: executing libtool commands

## ---------------- ##
## Cache variables. ##
## ---------------- ##

ac_cv_build=x86_64-unknown-linux-gnu
ac_cv_c_compiler_gnu=yes
ac_cv_env_CC_set=
ac_cv_env_CC_value=
ac_cv_env_CFLAGS_set=set
ac_cv_env_CFLAGS_value='-g -O0'
ac_cv_env_CPPFLAGS_set=
ac_cv_env_CPPFLAGS_value=
ac_cv_env_CPP_set=
ac_cv_env_CPP_value=
ac_cv_env_JACK_CFLAGS_set=
ac_cv_env_JACK_CFLAGS_value=
ac_cv_env_JACK_LIBS_set=
ac_cv_env_JACK_LIBS_value=
ac_cv_env_LDFLAGS_set=
ac_cv_env_LDFLAGS_value=
ac_cv_env_LIBSSL_CFLAGS_set=
ac_cv_env_LIBSSL_CFLAGS_value=
ac_cv_env_LIBSSL_LIBS_set=
ac_cv_env_LIBSSL_LIBS_value=
ac_cv_env_LIBS_set=
ac_cv_env_LIBS_value=
ac_cv_env_PKG_CONFIG_LIBDIR_set=
ac_cv_env_PKG_CONFIG_LIBDIR_value=
ac_cv_env_PKG_CONFIG_PATH_set=
ac_cv_env_PKG_CONFIG_PATH_value=
ac_cv_env_PKG_CONFIG_set=
ac_cv_env_PKG_CONFIG_value=
ac_cv_env_SRC_CFLAGS_set=
ac_cv_env_SRC_CFLAGS_value=
ac_cv_env_SRC_LIBS_set=
ac_cv_env_SRC_LIBS_value=
ac_cv_env_build_alias_set=
ac_cv_env_build_alias_value=
ac_cv_env_host_alias_set=
ac_cv_env_host_alias_value=
ac_cv_env_target_alias_set=
ac_cv_env_target_alias_value=
ac_cv_header_dlfcn_h=yes
ac_cv_header_inttypes_h=yes
ac_cv_header_memory_h=yes
ac_cv_header_minix_config_h=no
ac_cv_header_stdc=yes
ac_cv_header_stdint_h=yes
ac_cv_header_stdlib_h=yes
ac_cv_header_string_h=yes
ac_cv_header_strings_h=yes
ac_cv_header_sys_stat_h=yes
ac_cv_header_sys_types_h=yes
ac_cv_header_unistd_h=yes
ac_cv_host=x86_64-unknown-linux-gnu
ac_cv_objext=o
ac_cv_path_EGREP='/bin/grep -E'
ac_cv_path_FGREP='/bin/grep -F'
ac_cv_path_GREP=/bin/grep
ac_cv_path_SED=/bin/sed
ac_cv_path_ac_pt_PKG_CONFIG=/usr/bin/pkg-config
ac_cv_path_install='/usr/bin/install -c'
ac_cv_path_mkdir=/bin/mkdir
ac_cv_prog_AWK=gawk
ac_cv_prog_CPP='gcc -E'
ac_cv_prog_ac_ct_AR=ar
ac_cv_prog_ac_ct_CC=gcc
ac_cv_prog_ac_ct_OBJDUMP=objdump
ac_cv_prog_ac_ct_RANLIB=ranlib
ac_cv_prog_ac_ct_STRIP=strip
ac_cv_prog_cc_c89=
ac_cv_prog_cc_g=yes
ac_cv_prog_cc_gcc_c_o=yes
ac_cv_prog_gcc_traditional=no
ac_cv_prog_have_pkg_config=yes
ac_cv_prog_make_make_set=yes
ac_cv_safe_to_define___extensions__=yes
am_cv_CC_dependencies_compiler_type=gcc3
am_cv_make_support_nested_variables=yes
lt_cv_ar_at_file=@
lt_cv_archive_cmds_need_lc=no
lt_cv_deplibs_check_method=pass_all
lt_cv_file_magic_cmd='$MAGIC_CMD'
lt_cv_file_magic_test_file=
lt_cv_ld_reload_flag=-r
lt_cv_nm_interface='BSD nm'
lt_cv_objdir=.libs
lt_cv_path_LD=/usr/x86_64-pc-linux-gnu/bin/ld
lt_cv_path_NM='/usr/bin/nm -B'
lt_cv_path_mainfest_tool=no
lt_cv_prog_compiler_c_o=yes
lt_cv_prog_compiler_pic='-fPIC -DPIC'
lt_cv_prog_compiler_pic_works=yes
lt_cv_prog_compiler_rtti_exceptions=no
lt_cv_prog_compiler_static_works=yes
lt_cv_prog_gnu_ld=yes
lt_cv_sharedlib_from_linklib_cmd='printf %s\n'
lt_cv_shlibpath_overrides_runpath=yes
lt_cv_sys_global_symbol_pipe='sed -n -e '\''s/^.*[	 ]\([ABCDGIRSTW][ABCDGIRSTW]*\)[	 ][	 ]*\([_A-Za-z][_A-Za-z0-9]*\)$/\1 \2 \2/p'\'' | sed '\''/ __gnu_lto/d'\'''
lt_cv_sys_global_symbol_to_c_name_address='sed -n -e '\''s/^: \([^ ]*\)[ ]*$/  {\"\1\", (void *) 0},/p'\'' -e '\''s/^[ABCDGIRSTW]* \([^ ]*\) \([^ ]*\)$/  {"\2", (void *) \&\2},/p'\'''
lt_cv_sys_global_symbol_to_c_name_address_lib_prefix='sed -n -e '\''s/^: \([^ ]*\)[ ]*$/  {\"\1\", (void *) 0},/p'\'' -e '\''s/^[ABCDGIRSTW]* \([^ ]*\) \(lib[^ ]*\)$/  {"\2", (void *) \&\2},/p'\'' -e '\''s/^[ABCDGIRSTW]* \([^ ]*\) \([^ ]*\)$/  {"lib\2", (void *) \&\2},/p'\'''
lt_cv_sys_global_symbol_to_cdecl='sed -n -e '\''s/^T .* \(.*\)$/extern int \1();/p'\'' -e '\''s/^[ABCDGIRSTW]* .* \(.*\)$/extern char \1;/p'\'''
lt_cv_sys_max_cmd_len=1572864
lt_cv_to_host_file_cmd=func_convert_file_noop
lt_cv_to_tool_file_cmd=func_convert_file_noop
pkg_cv_JACK_CFLAGS=' '
pkg_cv_JACK_LIBS='-ljack -lpthread  -lrt  '
pkg_cv_LIBSSL_CFLAGS=' '
pkg_cv_LIBSSL_LIBS='-lssl  '
pkg_cv_SRC_CFLAGS=' '
pkg_cv_SRC_LIBS='-lsamplerate  '

## ----------------- ##
## Output variables. ##
## ----------------- ##

ACLOCAL='${SHELL} /usr/local/src/libflashsupport-jack/missing aclocal-1.13'
AMDEPBACKSLASH='\'
AMDEP_FALSE='#'
AMDEP_TRUE=''
AMTAR='$${TAR-tar}'
AM_BACKSLASH='\'
AM_DEFAULT_V='$(AM_DEFAULT_VERBOSITY)'
AM_DEFAULT_VERBOSITY='1'
AM_V='$(V)'
AR='ar'
AUTOCONF='${SHELL} /usr/local/src/libflashsupport-jack/missing autoconf'
AUTOHEADER='${SHELL} /usr/local/src/libflashsupport-jack/missing autoheader'
AUTOMAKE='${SHELL} /usr/local/src/libflashsupport-jack/missing automake-1.13'
AWK='gawk'
CC='gcc'
CCDEPMODE='depmode=gcc3'
CFLAGS='-g -O0 -pipe -Wformat -Wold-style-definition -Wdeclaration-after-statement -Wfloat-equal -Wmissing-declarations -Wmissing-prototypes -Wstrict-prototypes -Wredundant-decls -Wshadow -Wendif-labels -Wpointer-arith -Wcast-align -Wwrite-strings -Winline -Wno-unused-parameter -ffast-math'
CPP='gcc -E'
CPPFLAGS=''
CYGPATH_W='echo'
DEFS='-DHAVE_CONFIG_H'
DEPDIR='.deps'
DLLTOOL='false'
DSYMUTIL=''
DUMPBIN=''
ECHO_C=''
ECHO_N='-n'
ECHO_T=''
EGREP='/bin/grep -E'
EXEEXT=''
FGREP='/bin/grep -F'
GREP='/bin/grep'
INSTALL_DATA='${INSTALL} -m 644'
INSTALL_PROGRAM='${INSTALL}'
INSTALL_SCRIPT='${INSTALL}'
INSTALL_STRIP_PROGRAM='$(install_sh) -c -s'
JACK_CFLAGS=' '
JACK_LIBS='-ljack -lpthread  -lrt  '
LD='/usr/x86_64-pc-linux-gnu/bin/ld -m elf_x86_64'
LDFLAGS=''
LIBOBJS=''
LIBS=''
LIBSSL_CFLAGS=' '
LIBSSL_LIBS='-lssl  '
LIBTOOL='$(SHELL) $(top_builddir)/libtool'
LIPO=''
LN_S='ln -s'
LTLIBOBJS=''
MAKEINFO='${SHELL} /usr/local/src/libflashsupport-jack/missing makeinfo'
MANIFEST_TOOL=':'
MKDIR_P='/bin/mkdir -p'
NM='/usr/bin/nm -B'
NMEDIT=''
OBJDUMP='objdump'
OBJEXT='o'
OTOOL64=''
OTOOL=''
PACKAGE='libflashsupport-jack'
PACKAGE_BUGREPORT='mzcbylcnhqvb (at) 0pointer (dot) de'
PACKAGE_NAME='libflashsupport-jack'
PACKAGE_STRING='libflashsupport-jack 000'
PACKAGE_TARNAME='libflashsupport-jack'
PACKAGE_URL=''
PACKAGE_VERSION='000'
PATH_SEPARATOR=':'
PKG_CONFIG='/usr/bin/pkg-config'
PKG_CONFIG_LIBDIR=''
PKG_CONFIG_PATH=''
RANLIB='ranlib'
SED='/bin/sed'
SET_MAKE=''
SHELL='/bin/sh'
SRC_CFLAGS=' '
SRC_LIBS='-lsamplerate  '
STRIP='strip'
VERSION='000'
ac_ct_AR='ar'
ac_ct_CC='gcc'
ac_ct_DUMPBIN=''
am__EXEEXT_FALSE=''
am__EXEEXT_TRUE='#'
am__fastdepCC_FALSE='#'
am__fastdepCC_TRUE=''
am__include='include'
am__isrc=''
am__leading_dot='.'
am__nodep='_no'
am__quote=''
am__tar='$${TAR-tar} chof - "$$tardir"'
am__untar='$${TAR-tar} xf -'
bindir='${exec_prefix}/bin'
build='x86_64-unknown-linux-gnu'
build_alias=''
build_cpu='x86_64'
build_os='linux-gnu'
build_vendor='unknown'
datadir='${datarootdir}'
datarootdir='${prefix}/share'
docdir='${datarootdir}/doc/${PACKAGE_TARNAME}'
dvidir='${docdir}'
exec_prefix='${prefix}'
have_pkg_config='yes'
host='x86_64-unknown-linux-gnu'
host_alias=''
host_cpu='x86_64'
host_os='linux-gnu'
host_vendor='unknown'
htmldir='${docdir}'
includedir='${prefix}/include'
infodir='${datarootdir}/info'
install_sh='${SHELL} /usr/local/src/libflashsupport-jack/install-sh'
libdir='${exec_prefix}/lib'
libexecdir='${exec_prefix}/libexec'
localedir='${datarootdir}/locale'
localstatedir='/var'
mandir='${datarootdir}/man'
mkdir_p='$(MKDIR_P)'
oldincludedir='/usr/include'
pdfdir='${docdir}'
prefix='/usr'
program_transform_name='s,x,x,'
psdir='${docdir}'
sbindir='${exec_prefix}/sbin'
sharedstatedir='${prefix}/com'
sysconfdir='/etc'
target_alias=''

## ----------- ##
## confdefs.h. ##
## ----------- ##

/* confdefs.h */
#define PACKAGE_NAME "libflashsupport-jack"
#define PACKAGE_TARNAME "libflashsupport-jack"
#define PACKAGE_VERSION "000"
#define PACKAGE_STRING "libflashsupport-jack 000"
#define PACKAGE_BUGREPORT "mzcbylcnhqvb (at) 0pointer (dot) de"
#define PACKAGE_URL ""
#define PACKAGE "libflashsupport-jack"
#define VERSION "000"
#define STDC_HEADERS 1
#define HAVE_SYS_TYPES_H 1
#define HAVE_SYS_STAT_H 1
#define HAVE_STDLIB_H 1
#define HAVE_STRING_H 1
#define HAVE_MEMORY_H 1
#define HAVE_STRINGS_H 1
#define HAVE_INTTYPES_H 1
#define HAVE_STDINT_H 1
#define HAVE_UNISTD_H 1
#define __EXTENSIONS__ 1
#define _ALL_SOURCE 1
#define _GNU_SOURCE 1
#define _POSIX_PTHREAD_SEMANTICS 1
#define _TANDEM_SOURCE 1
#define HAVE_DLFCN_H 1
#define LT_OBJDIR ".libs/"
#define STDC_HEADERS 1

configure: exit 0
